This file contains any messages produced by compilers while
running configure, to aid debugging if configure makes a mistake.

It was created by snappy configure 1.1.2, which was
generated by GNU Autoconf 2.69.  Invocation command line was

  $ ./configure --enable-static --disable-shared --with-pic --prefix=/root/h2leveldb/c_src/snappy

## --------- ##
## Platform. ##
## --------- ##

hostname = dev1
uname -m = x86_64
uname -r = 3.10.0-229.14.1.el7.x86_64
uname -s = Linux
uname -v = #1 SMP Tue Sep 15 15:05:51 UTC 2015

/usr/bin/uname -p = x86_64
/bin/uname -X     = unknown

/bin/arch              = x86_64
/usr/bin/arch -k       = unknown
/usr/convex/getsysinfo = unknown
/usr/bin/hostinfo      = unknown
/bin/machine           = unknown
/usr/bin/oslevel       = unknown
/bin/universe          = unknown

PATH: /usr/lib/erlang/erts-6.4/bin
PATH: /usr/lib/erlang/bin
PATH: /usr/local/sbin
PATH: /usr/local/bin
PATH: /usr/sbin
PATH: /usr/bin
PATH: /root/bin


## ----------- ##
## Core tests. ##
## ----------- ##

configure:2581: checking for a BSD-compatible install
configure:2649: result: /usr/bin/install -c
configure:2660: checking whether build environment is sane
configure:2715: result: yes
configure:2866: checking for a thread-safe mkdir -p
configure:2905: result: /usr/bin/mkdir -p
configure:2912: checking for gawk
configure:2928: found /usr/bin/gawk
configure:2939: result: gawk
configure:2950: checking whether make sets $(MAKE)
configure:2972: result: yes
configure:3001: checking whether make supports nested variables
configure:3018: result: yes
configure:3115: checking for style of include used by make
configure:3143: result: GNU
configure:3214: checking for gcc
configure:3241: result: cc
configure:3470: checking for C compiler version
configure:3479: cc --version >&5
cc (GCC) 4.8.3 20140911 (Red Hat 4.8.3-9)
Copyright (C) 2013 Free Software Foundation, Inc.
This is free software; see the source for copying conditions.  There is NO
warranty; not even for MERCHANTABILITY or FITNESS FOR A PARTICULAR PURPOSE.

configure:3490: $? = 0
configure:3479: cc -v >&5
Using built-in specs.
COLLECT_GCC=cc
COLLECT_LTO_WRAPPER=/usr/libexec/gcc/x86_64-redhat-linux/4.8.3/lto-wrapper
Target: x86_64-redhat-linux
Configured with: ../configure --prefix=/usr --mandir=/usr/share/man --infodir=/usr/share/info --with-bugurl=http://bugzilla.redhat.com/bugzilla --enable-bootstrap --enable-shared --enable-threads=posix --enable-checking=release --with-system-zlib --enable-__cxa_atexit --disable-libunwind-exceptions --enable-gnu-unique-object --enable-linker-build-id --with-linker-hash-style=gnu --enable-languages=c,c++,objc,obj-c++,java,fortran,ada,go,lto --enable-plugin --enable-initfini-array --disable-libgcj --with-isl=/builddir/build/BUILD/gcc-4.8.3-20140911/obj-x86_64-redhat-linux/isl-install --with-cloog=/builddir/build/BUILD/gcc-4.8.3-20140911/obj-x86_64-redhat-linux/cloog-install --enable-gnu-indirect-function --with-tune=generic --with-arch_32=x86-64 --build=x86_64-redhat-linux
Thread model: posix
gcc version 4.8.3 20140911 (Red Hat 4.8.3-9) (GCC) 
configure:3490: $? = 0
configure:3479: cc -V >&5
cc: error: unrecognized command line option '-V'
cc: fatal error: no input files
compilation terminated.
configure:3490: $? = 4
configure:3479: cc -qversion >&5
cc: error: unrecognized command line option '-qversion'
cc: fatal error: no input files
compilation terminated.
configure:3490: $? = 4
configure:3510: checking whether the C compiler works
configure:3532: cc    conftest.c  >&5
configure:3536: $? = 0
configure:3584: result: yes
configure:3587: checking for C compiler default output file name
configure:3589: result: a.out
configure:3595: checking for suffix of executables
configure:3602: cc -o conftest    conftest.c  >&5
configure:3606: $? = 0
configure:3628: result: 
configure:3650: checking whether we are cross compiling
configure:3658: cc -o conftest    conftest.c  >&5
configure:3662: $? = 0
configure:3669: ./conftest
configure:3673: $? = 0
configure:3688: result: no
configure:3693: checking for suffix of object files
configure:3715: cc -c   conftest.c >&5
configure:3719: $? = 0
configure:3740: result: o
configure:3744: checking whether we are using the GNU C compiler
configure:3763: cc -c   conftest.c >&5
configure:3763: $? = 0
configure:3772: result: yes
configure:3781: checking whether cc accepts -g
configure:3801: cc -c -g  conftest.c >&5
configure:3801: $? = 0
configure:3842: result: yes
configure:3859: checking for cc option to accept ISO C89
configure:3922: cc  -c -g -O2  conftest.c >&5
configure:3922: $? = 0
configure:3935: result: none needed
configure:3957: checking dependency style of cc
configure:4068: result: gcc3
configure:4133: checking for ar
configure:4149: found /usr/bin/ar
configure:4160: result: ar
configure:4186: checking the archiver (ar) interface
configure:4196: cc -c -g -O2  conftest.c >&5
configure:4196: $? = 0
configure:4198: ar cru libconftest.a conftest.o >&5
configure:4201: $? = 0
configure:4224: result: ar
configure:4346: checking the archiver (ar) interface
configure:4384: result: ar
configure:4433: checking build system type
configure:4447: result: x86_64-unknown-linux-gnu
configure:4467: checking host system type
configure:4480: result: x86_64-unknown-linux-gnu
configure:4521: checking how to print strings
configure:4548: result: printf
configure:4569: checking for a sed that does not truncate output
configure:4633: result: /usr/bin/sed
configure:4651: checking for grep that handles long lines and -e
configure:4709: result: /usr/bin/grep
configure:4714: checking for egrep
configure:4776: result: /usr/bin/grep -E
configure:4781: checking for fgrep
configure:4843: result: /usr/bin/grep -F
configure:4878: checking for ld used by cc
configure:4945: result: /usr/bin/ld
configure:4952: checking if the linker (/usr/bin/ld) is GNU ld
configure:4967: result: yes
configure:4979: checking for BSD- or MS-compatible name lister (nm)
configure:5028: result: /usr/bin/nm -B
configure:5158: checking the name lister (/usr/bin/nm -B) interface
configure:5165: cc -c -g -O2  conftest.c >&5
configure:5168: /usr/bin/nm -B "conftest.o"
configure:5171: output
0000000000000000 B some_variable
configure:5178: result: BSD nm
configure:5181: checking whether ln -s works
configure:5185: result: yes
configure:5193: checking the maximum length of command line arguments
configure:5323: result: 1572864
configure:5340: checking whether the shell understands some XSI constructs
configure:5350: result: yes
configure:5354: checking whether the shell understands "+="
configure:5360: result: yes
configure:5395: checking how to convert x86_64-unknown-linux-gnu file names to x86_64-unknown-linux-gnu format
configure:5435: result: func_convert_file_noop
configure:5442: checking how to convert x86_64-unknown-linux-gnu file names to toolchain format
configure:5462: result: func_convert_file_noop
configure:5469: checking for /usr/bin/ld option to reload object files
configure:5476: result: -r
configure:5550: checking for objdump
configure:5566: found /usr/bin/objdump
configure:5577: result: objdump
configure:5609: checking how to recognize dependent libraries
configure:5811: result: pass_all
configure:5896: checking for dlltool
configure:5926: result: no
configure:5956: checking how to associate runtime and link libraries
configure:5983: result: printf %s\n
configure:6107: checking for archiver @FILE support
configure:6124: cc -c -g -O2  conftest.c >&5
configure:6124: $? = 0
configure:6127: ar cru libconftest.a @conftest.lst >&5
configure:6130: $? = 0
configure:6135: ar cru libconftest.a @conftest.lst >&5
ar: conftest.o: No such file or directory
configure:6138: $? = 1
configure:6150: result: @
configure:6208: checking for strip
configure:6224: found /usr/bin/strip
configure:6235: result: strip
configure:6307: checking for ranlib
configure:6323: found /usr/bin/ranlib
configure:6334: result: ranlib
configure:6436: checking command to parse /usr/bin/nm -B output from cc object
configure:6556: cc -c -g -O2  conftest.c >&5
configure:6559: $? = 0
configure:6563: /usr/bin/nm -B conftest.o \| sed -n -e 's/^.*[ ]\([ABCDGIRSTW][ABCDGIRSTW]*\)[ ][ ]*\([_A-Za-z][_A-Za-z0-9]*\)$/\1 \2 \2/p' | sed '/ __gnu_lto/d' \> conftest.nm
configure:6566: $? = 0
configure:6632: cc -o conftest -g -O2   conftest.c conftstm.o >&5
configure:6635: $? = 0
configure:6673: result: ok
configure:6710: checking for sysroot
configure:6740: result: no
configure:6817: cc -c -g -O2  conftest.c >&5
configure:6820: $? = 0
configure:6996: checking for mt
configure:7026: result: no
configure:7046: checking if : is a manifest tool
configure:7052: : '-?'
configure:7060: result: no
configure:7702: checking how to run the C preprocessor
configure:7733: cc -E  conftest.c
configure:7733: $? = 0
configure:7747: cc -E  conftest.c
conftest.c:11:28: fatal error: ac_nonexistent.h: No such file or directory
 #include <ac_nonexistent.h>
                            ^
compilation terminated.
configure:7747: $? = 1
configure: failed program was:
| /* confdefs.h */
| #define PACKAGE_NAME "snappy"
| #define PACKAGE_TARNAME "snappy"
| #define PACKAGE_VERSION "1.1.2"
| #define PACKAGE_STRING "snappy 1.1.2"
| #define PACKAGE_BUGREPORT ""
| #define PACKAGE_URL ""
| #define PACKAGE "snappy"
| #define VERSION "1.1.2"
| /* end confdefs.h.  */
| #include <ac_nonexistent.h>
configure:7772: result: cc -E
configure:7792: cc -E  conftest.c
configure:7792: $? = 0
configure:7806: cc -E  conftest.c
conftest.c:11:28: fatal error: ac_nonexistent.h: No such file or directory
 #include <ac_nonexistent.h>
                            ^
compilation terminated.
configure:7806: $? = 1
configure: failed program was:
| /* confdefs.h */
| #define PACKAGE_NAME "snappy"
| #define PACKAGE_TARNAME "snappy"
| #define PACKAGE_VERSION "1.1.2"
| #define PACKAGE_STRING "snappy 1.1.2"
| #define PACKAGE_BUGREPORT ""
| #define PACKAGE_URL ""
| #define PACKAGE "snappy"
| #define VERSION "1.1.2"
| /* end confdefs.h.  */
| #include <ac_nonexistent.h>
configure:7835: checking for ANSI C header files
configure:7855: cc -c -g -O2  conftest.c >&5
configure:7855: $? = 0
configure:7928: cc -o conftest -g -O2   conftest.c  >&5
configure:7928: $? = 0
configure:7928: ./conftest
configure:7928: $? = 0
configure:7939: result: yes
configure:7952: checking for sys/types.h
configure:7952: cc -c -g -O2  conftest.c >&5
configure:7952: $? = 0
configure:7952: result: yes
configure:7952: checking for sys/stat.h
configure:7952: cc -c -g -O2  conftest.c >&5
configure:7952: $? = 0
configure:7952: result: yes
configure:7952: checking for stdlib.h
configure:7952: cc -c -g -O2  conftest.c >&5
configure:7952: $? = 0
configure:7952: result: yes
configure:7952: checking for string.h
configure:7952: cc -c -g -O2  conftest.c >&5
configure:7952: $? = 0
configure:7952: result: yes
configure:7952: checking for memory.h
configure:7952: cc -c -g -O2  conftest.c >&5
configure:7952: $? = 0
configure:7952: result: yes
configure:7952: checking for strings.h
configure:7952: cc -c -g -O2  conftest.c >&5
configure:7952: $? = 0
configure:7952: result: yes
configure:7952: checking for inttypes.h
configure:7952: cc -c -g -O2  conftest.c >&5
configure:7952: $? = 0
configure:7952: result: yes
configure:7952: checking for stdint.h
configure:7952: cc -c -g -O2  conftest.c >&5
configure:7952: $? = 0
configure:7952: result: yes
configure:7952: checking for unistd.h
configure:7952: cc -c -g -O2  conftest.c >&5
configure:7952: $? = 0
configure:7952: result: yes
configure:7966: checking for dlfcn.h
configure:7966: cc -c -g -O2  conftest.c >&5
configure:7966: $? = 0
configure:7966: result: yes
configure:8172: checking for objdir
configure:8187: result: .libs
configure:8458: checking if cc supports -fno-rtti -fno-exceptions
configure:8476: cc -c -g -O2  -fno-rtti -fno-exceptions conftest.c >&5
cc1: warning: command line option '-fno-rtti' is valid for C++/ObjC++ but not for C [enabled by default]
configure:8480: $? = 0
configure:8493: result: no
configure:8820: checking for cc option to produce PIC
configure:8827: result: -fPIC -DPIC
configure:8835: checking if cc PIC flag -fPIC -DPIC works
configure:8853: cc -c -g -O2  -fPIC -DPIC -DPIC conftest.c >&5
configure:8857: $? = 0
configure:8870: result: yes
configure:8899: checking if cc static flag -static works
configure:8927: result: no
configure:8942: checking if cc supports -c -o file.o
configure:8963: cc -c -g -O2  -o out/conftest2.o conftest.c >&5
configure:8967: $? = 0
configure:8989: result: yes
configure:8997: checking if cc supports -c -o file.o
configure:9044: result: yes
configure:9077: checking whether the cc linker (/usr/bin/ld -m elf_x86_64) supports shared libraries
configure:10230: result: yes
configure:10470: checking dynamic linker characteristics
configure:10981: cc -o conftest -g -O2   -Wl,-rpath -Wl,/foo conftest.c  >&5
configure:10981: $? = 0
configure:11207: result: GNU/Linux ld.so
configure:11314: checking how to hardcode library paths into programs
configure:11339: result: immediate
configure:11879: checking whether stripping libraries is possible
configure:11884: result: yes
configure:11919: checking if libtool supports shared libraries
configure:11921: result: yes
configure:11924: checking whether to build shared libraries
configure:11945: result: no
configure:11948: checking whether to build static libraries
configure:11952: result: yes
configure:12102: checking for C++ compiler version
configure:12111: c++ --version >&5
c++ (GCC) 4.8.3 20140911 (Red Hat 4.8.3-9)
Copyright (C) 2013 Free Software Foundation, Inc.
This is free software; see the source for copying conditions.  There is NO
warranty; not even for MERCHANTABILITY or FITNESS FOR A PARTICULAR PURPOSE.

configure:12122: $? = 0
configure:12111: c++ -v >&5
Using built-in specs.
COLLECT_GCC=c++
COLLECT_LTO_WRAPPER=/usr/libexec/gcc/x86_64-redhat-linux/4.8.3/lto-wrapper
Target: x86_64-redhat-linux
Configured with: ../configure --prefix=/usr --mandir=/usr/share/man --infodir=/usr/share/info --with-bugurl=http://bugzilla.redhat.com/bugzilla --enable-bootstrap --enable-shared --enable-threads=posix --enable-checking=release --with-system-zlib --enable-__cxa_atexit --disable-libunwind-exceptions --enable-gnu-unique-object --enable-linker-build-id --with-linker-hash-style=gnu --enable-languages=c,c++,objc,obj-c++,java,fortran,ada,go,lto --enable-plugin --enable-initfini-array --disable-libgcj --with-isl=/builddir/build/BUILD/gcc-4.8.3-20140911/obj-x86_64-redhat-linux/isl-install --with-cloog=/builddir/build/BUILD/gcc-4.8.3-20140911/obj-x86_64-redhat-linux/cloog-install --enable-gnu-indirect-function --with-tune=generic --with-arch_32=x86-64 --build=x86_64-redhat-linux
Thread model: posix
gcc version 4.8.3 20140911 (Red Hat 4.8.3-9) (GCC) 
configure:12122: $? = 0
configure:12111: c++ -V >&5
c++: error: unrecognized command line option '-V'
c++: fatal error: no input files
compilation terminated.
configure:12122: $? = 4
configure:12111: c++ -qversion >&5
c++: error: unrecognized command line option '-qversion'
c++: fatal error: no input files
compilation terminated.
configure:12122: $? = 4
configure:12126: checking whether we are using the GNU C++ compiler
configure:12145: c++ -c   conftest.cpp >&5
configure:12145: $? = 0
configure:12154: result: yes
configure:12163: checking whether c++ accepts -g
configure:12183: c++ -c -g  conftest.cpp >&5
configure:12183: $? = 0
configure:12224: result: yes
configure:12249: checking dependency style of c++
configure:12360: result: gcc3
configure:12393: checking how to run the C++ preprocessor
configure:12420: c++ -E  conftest.cpp
configure:12420: $? = 0
configure:12434: c++ -E  conftest.cpp
conftest.cpp:23:28: fatal error: ac_nonexistent.h: No such file or directory
 #include <ac_nonexistent.h>
                            ^
compilation terminated.
configure:12434: $? = 1
configure: failed program was:
| /* confdefs.h */
| #define PACKAGE_NAME "snappy"
| #define PACKAGE_TARNAME "snappy"
| #define PACKAGE_VERSION "1.1.2"
| #define PACKAGE_STRING "snappy 1.1.2"
| #define PACKAGE_BUGREPORT ""
| #define PACKAGE_URL ""
| #define PACKAGE "snappy"
| #define VERSION "1.1.2"
| #define STDC_HEADERS 1
| #define HAVE_SYS_TYPES_H 1
| #define HAVE_SYS_STAT_H 1
| #define HAVE_STDLIB_H 1
| #define HAVE_STRING_H 1
| #define HAVE_MEMORY_H 1
| #define HAVE_STRINGS_H 1
| #define HAVE_INTTYPES_H 1
| #define HAVE_STDINT_H 1
| #define HAVE_UNISTD_H 1
| #define HAVE_DLFCN_H 1
| #define LT_OBJDIR ".libs/"
| /* end confdefs.h.  */
| #include <ac_nonexistent.h>
configure:12459: result: c++ -E
configure:12479: c++ -E  conftest.cpp
configure:12479: $? = 0
configure:12493: c++ -E  conftest.cpp
conftest.cpp:23:28: fatal error: ac_nonexistent.h: No such file or directory
 #include <ac_nonexistent.h>
                            ^
compilation terminated.
configure:12493: $? = 1
configure: failed program was:
| /* confdefs.h */
| #define PACKAGE_NAME "snappy"
| #define PACKAGE_TARNAME "snappy"
| #define PACKAGE_VERSION "1.1.2"
| #define PACKAGE_STRING "snappy 1.1.2"
| #define PACKAGE_BUGREPORT ""
| #define PACKAGE_URL ""
| #define PACKAGE "snappy"
| #define VERSION "1.1.2"
| #define STDC_HEADERS 1
| #define HAVE_SYS_TYPES_H 1
| #define HAVE_SYS_STAT_H 1
| #define HAVE_STDLIB_H 1
| #define HAVE_STRING_H 1
| #define HAVE_MEMORY_H 1
| #define HAVE_STRINGS_H 1
| #define HAVE_INTTYPES_H 1
| #define HAVE_STDINT_H 1
| #define HAVE_UNISTD_H 1
| #define HAVE_DLFCN_H 1
| #define LT_OBJDIR ".libs/"
| /* end confdefs.h.  */
| #include <ac_nonexistent.h>
configure:12662: checking for ld used by c++
configure:12729: result: /usr/bin/ld -m elf_x86_64
configure:12736: checking if the linker (/usr/bin/ld -m elf_x86_64) is GNU ld
configure:12751: result: yes
configure:12806: checking whether the c++ linker (/usr/bin/ld -m elf_x86_64) supports shared libraries
configure:13811: result: yes
configure:13847: c++ -c -g -O2  conftest.cpp >&5
configure:13850: $? = 0
configure:14370: checking for c++ option to produce PIC
configure:14377: result: -fPIC -DPIC
configure:14385: checking if c++ PIC flag -fPIC -DPIC works
configure:14403: c++ -c -g -O2  -fPIC -DPIC -DPIC conftest.cpp >&5
configure:14407: $? = 0
configure:14420: result: yes
configure:14443: checking if c++ static flag -static works
configure:14471: result: no
configure:14483: checking if c++ supports -c -o file.o
configure:14504: c++ -c -g -O2  -o out/conftest2.o conftest.cpp >&5
configure:14508: $? = 0
configure:14530: result: yes
configure:14535: checking if c++ supports -c -o file.o
configure:14582: result: yes
configure:14612: checking whether the c++ linker (/usr/bin/ld -m elf_x86_64) supports shared libraries
configure:14648: result: yes
configure:14789: checking dynamic linker characteristics
configure:15460: result: GNU/Linux ld.so
configure:15513: checking how to hardcode library paths into programs
configure:15538: result: immediate
configure:15584: checking whether byte ordering is bigendian
configure:15599: c++ -c -g -O2  conftest.cpp >&5
conftest.cpp:24:9: error: expected unqualified-id before 'not' token
         not a universal capable compiler
         ^
configure:15599: $? = 1
configure: failed program was:
| /* confdefs.h */
| #define PACKAGE_NAME "snappy"
| #define PACKAGE_TARNAME "snappy"
| #define PACKAGE_VERSION "1.1.2"
| #define PACKAGE_STRING "snappy 1.1.2"
| #define PACKAGE_BUGREPORT ""
| #define PACKAGE_URL ""
| #define PACKAGE "snappy"
| #define VERSION "1.1.2"
| #define STDC_HEADERS 1
| #define HAVE_SYS_TYPES_H 1
| #define HAVE_SYS_STAT_H 1
| #define HAVE_STDLIB_H 1
| #define HAVE_STRING_H 1
| #define HAVE_MEMORY_H 1
| #define HAVE_STRINGS_H 1
| #define HAVE_INTTYPES_H 1
| #define HAVE_STDINT_H 1
| #define HAVE_UNISTD_H 1
| #define HAVE_DLFCN_H 1
| #define LT_OBJDIR ".libs/"
| /* end confdefs.h.  */
| #ifndef __APPLE_CC__
| 	       not a universal capable compiler
| 	     #endif
| 	     typedef int dummy;
| 
configure:15644: c++ -c -g -O2  conftest.cpp >&5
configure:15644: $? = 0
configure:15662: c++ -c -g -O2  conftest.cpp >&5
conftest.cpp: In function 'int main()':
conftest.cpp:30:8: error: 'big' was not declared in this scope
    not big endian
        ^
conftest.cpp:30:12: error: expected ';' before 'endian'
    not big endian
            ^
configure:15662: $? = 1
configure: failed program was:
| /* confdefs.h */
| #define PACKAGE_NAME "snappy"
| #define PACKAGE_TARNAME "snappy"
| #define PACKAGE_VERSION "1.1.2"
| #define PACKAGE_STRING "snappy 1.1.2"
| #define PACKAGE_BUGREPORT ""
| #define PACKAGE_URL ""
| #define PACKAGE "snappy"
| #define VERSION "1.1.2"
| #define STDC_HEADERS 1
| #define HAVE_SYS_TYPES_H 1
| #define HAVE_SYS_STAT_H 1
| #define HAVE_STDLIB_H 1
| #define HAVE_STRING_H 1
| #define HAVE_MEMORY_H 1
| #define HAVE_STRINGS_H 1
| #define HAVE_INTTYPES_H 1
| #define HAVE_STDINT_H 1
| #define HAVE_UNISTD_H 1
| #define HAVE_DLFCN_H 1
| #define LT_OBJDIR ".libs/"
| /* end confdefs.h.  */
| #include <sys/types.h>
| 		#include <sys/param.h>
| 
| int
| main ()
| {
| #if BYTE_ORDER != BIG_ENDIAN
| 		 not big endian
| 		#endif
| 
|   ;
|   return 0;
| }
configure:15790: result: no
configure:15808: checking for size_t
configure:15808: c++ -c -g -O2  conftest.cpp >&5
configure:15808: $? = 0
configure:15808: c++ -c -g -O2  conftest.cpp >&5
conftest.cpp: In function 'int main()':
conftest.cpp:59:20: error: expected primary-expression before ')' token
 if (sizeof ((size_t)))
                    ^
configure:15808: $? = 1
configure: failed program was:
| /* confdefs.h */
| #define PACKAGE_NAME "snappy"
| #define PACKAGE_TARNAME "snappy"
| #define PACKAGE_VERSION "1.1.2"
| #define PACKAGE_STRING "snappy 1.1.2"
| #define PACKAGE_BUGREPORT ""
| #define PACKAGE_URL ""
| #define PACKAGE "snappy"
| #define VERSION "1.1.2"
| #define STDC_HEADERS 1
| #define HAVE_SYS_TYPES_H 1
| #define HAVE_SYS_STAT_H 1
| #define HAVE_STDLIB_H 1
| #define HAVE_STRING_H 1
| #define HAVE_MEMORY_H 1
| #define HAVE_STRINGS_H 1
| #define HAVE_INTTYPES_H 1
| #define HAVE_STDINT_H 1
| #define HAVE_UNISTD_H 1
| #define HAVE_DLFCN_H 1
| #define LT_OBJDIR ".libs/"
| /* end confdefs.h.  */
| #include <stdio.h>
| #ifdef HAVE_SYS_TYPES_H
| # include <sys/types.h>
| #endif
| #ifdef HAVE_SYS_STAT_H
| # include <sys/stat.h>
| #endif
| #ifdef STDC_HEADERS
| # include <stdlib.h>
| # include <stddef.h>
| #else
| # ifdef HAVE_STDLIB_H
| #  include <stdlib.h>
| # endif
| #endif
| #ifdef HAVE_STRING_H
| # if !defined STDC_HEADERS && defined HAVE_MEMORY_H
| #  include <memory.h>
| # endif
| # include <string.h>
| #endif
| #ifdef HAVE_STRINGS_H
| # include <strings.h>
| #endif
| #ifdef HAVE_INTTYPES_H
| # include <inttypes.h>
| #endif
| #ifdef HAVE_STDINT_H
| # include <stdint.h>
| #endif
| #ifdef HAVE_UNISTD_H
| # include <unistd.h>
| #endif
| int
| main ()
| {
| if (sizeof ((size_t)))
| 	    return 0;
|   ;
|   return 0;
| }
configure:15808: result: yes
configure:15819: checking for ssize_t
configure:15819: c++ -c -g -O2  conftest.cpp >&5
configure:15819: $? = 0
configure:15819: c++ -c -g -O2  conftest.cpp >&5
conftest.cpp: In function 'int main()':
conftest.cpp:59:21: error: expected primary-expression before ')' token
 if (sizeof ((ssize_t)))
                     ^
configure:15819: $? = 1
configure: failed program was:
| /* confdefs.h */
| #define PACKAGE_NAME "snappy"
| #define PACKAGE_TARNAME "snappy"
| #define PACKAGE_VERSION "1.1.2"
| #define PACKAGE_STRING "snappy 1.1.2"
| #define PACKAGE_BUGREPORT ""
| #define PACKAGE_URL ""
| #define PACKAGE "snappy"
| #define VERSION "1.1.2"
| #define STDC_HEADERS 1
| #define HAVE_SYS_TYPES_H 1
| #define HAVE_SYS_STAT_H 1
| #define HAVE_STDLIB_H 1
| #define HAVE_STRING_H 1
| #define HAVE_MEMORY_H 1
| #define HAVE_STRINGS_H 1
| #define HAVE_INTTYPES_H 1
| #define HAVE_STDINT_H 1
| #define HAVE_UNISTD_H 1
| #define HAVE_DLFCN_H 1
| #define LT_OBJDIR ".libs/"
| /* end confdefs.h.  */
| #include <stdio.h>
| #ifdef HAVE_SYS_TYPES_H
| # include <sys/types.h>
| #endif
| #ifdef HAVE_SYS_STAT_H
| # include <sys/stat.h>
| #endif
| #ifdef STDC_HEADERS
| # include <stdlib.h>
| # include <stddef.h>
| #else
| # ifdef HAVE_STDLIB_H
| #  include <stdlib.h>
| # endif
| #endif
| #ifdef HAVE_STRING_H
| # if !defined STDC_HEADERS && defined HAVE_MEMORY_H
| #  include <memory.h>
| # endif
| # include <string.h>
| #endif
| #ifdef HAVE_STRINGS_H
| # include <strings.h>
| #endif
| #ifdef HAVE_INTTYPES_H
| # include <inttypes.h>
| #endif
| #ifdef HAVE_STDINT_H
| # include <stdint.h>
| #endif
| #ifdef HAVE_UNISTD_H
| # include <unistd.h>
| #endif
| int
| main ()
| {
| if (sizeof ((ssize_t)))
| 	    return 0;
|   ;
|   return 0;
| }
configure:15819: result: yes
configure:15834: checking for stdint.h
configure:15834: result: yes
configure:15834: checking stddef.h usability
configure:15834: c++ -c -g -O2  conftest.cpp >&5
configure:15834: $? = 0
configure:15834: result: yes
configure:15834: checking stddef.h presence
configure:15834: c++ -E  conftest.cpp
configure:15834: $? = 0
configure:15834: result: yes
configure:15834: checking for stddef.h
configure:15834: result: yes
configure:15834: checking sys/mman.h usability
configure:15834: c++ -c -g -O2  conftest.cpp >&5
configure:15834: $? = 0
configure:15834: result: yes
configure:15834: checking sys/mman.h presence
configure:15834: c++ -E  conftest.cpp
configure:15834: $? = 0
configure:15834: result: yes
configure:15834: checking for sys/mman.h
configure:15834: result: yes
configure:15834: checking sys/resource.h usability
configure:15834: c++ -c -g -O2  conftest.cpp >&5
configure:15834: $? = 0
configure:15834: result: yes
configure:15834: checking sys/resource.h presence
configure:15834: c++ -E  conftest.cpp
configure:15834: $? = 0
configure:15834: result: yes
configure:15834: checking for sys/resource.h
configure:15834: result: yes
configure:15834: checking windows.h usability
configure:15834: c++ -c -g -O2  conftest.cpp >&5
conftest.cpp:60:21: fatal error: windows.h: No such file or directory
 #include <windows.h>
                     ^
compilation terminated.
configure:15834: $? = 1
configure: failed program was:
| /* confdefs.h */
| #define PACKAGE_NAME "snappy"
| #define PACKAGE_TARNAME "snappy"
| #define PACKAGE_VERSION "1.1.2"
| #define PACKAGE_STRING "snappy 1.1.2"
| #define PACKAGE_BUGREPORT ""
| #define PACKAGE_URL ""
| #define PACKAGE "snappy"
| #define VERSION "1.1.2"
| #define STDC_HEADERS 1
| #define HAVE_SYS_TYPES_H 1
| #define HAVE_SYS_STAT_H 1
| #define HAVE_STDLIB_H 1
| #define HAVE_STRING_H 1
| #define HAVE_MEMORY_H 1
| #define HAVE_STRINGS_H 1
| #define HAVE_INTTYPES_H 1
| #define HAVE_STDINT_H 1
| #define HAVE_UNISTD_H 1
| #define HAVE_DLFCN_H 1
| #define LT_OBJDIR ".libs/"
| #define HAVE_STDINT_H 1
| #define HAVE_STDDEF_H 1
| #define HAVE_SYS_MMAN_H 1
| #define HAVE_SYS_RESOURCE_H 1
| /* end confdefs.h.  */
| #include <stdio.h>
| #ifdef HAVE_SYS_TYPES_H
| # include <sys/types.h>
| #endif
| #ifdef HAVE_SYS_STAT_H
| # include <sys/stat.h>
| #endif
| #ifdef STDC_HEADERS
| # include <stdlib.h>
| # include <stddef.h>
| #else
| # ifdef HAVE_STDLIB_H
| #  include <stdlib.h>
| # endif
| #endif
| #ifdef HAVE_STRING_H
| # if !defined STDC_HEADERS && defined HAVE_MEMORY_H
| #  include <memory.h>
| # endif
| # include <string.h>
| #endif
| #ifdef HAVE_STRINGS_H
| # include <strings.h>
| #endif
| #ifdef HAVE_INTTYPES_H
| # include <inttypes.h>
| #endif
| #ifdef HAVE_STDINT_H
| # include <stdint.h>
| #endif
| #ifdef HAVE_UNISTD_H
| # include <unistd.h>
| #endif
| #include <windows.h>
configure:15834: result: no
configure:15834: checking windows.h presence
configure:15834: c++ -E  conftest.cpp
conftest.cpp:27:21: fatal error: windows.h: No such file or directory
 #include <windows.h>
                     ^
compilation terminated.
configure:15834: $? = 1
configure: failed program was:
| /* confdefs.h */
| #define PACKAGE_NAME "snappy"
| #define PACKAGE_TARNAME "snappy"
| #define PACKAGE_VERSION "1.1.2"
| #define PACKAGE_STRING "snappy 1.1.2"
| #define PACKAGE_BUGREPORT ""
| #define PACKAGE_URL ""
| #define PACKAGE "snappy"
| #define VERSION "1.1.2"
| #define STDC_HEADERS 1
| #define HAVE_SYS_TYPES_H 1
| #define HAVE_SYS_STAT_H 1
| #define HAVE_STDLIB_H 1
| #define HAVE_STRING_H 1
| #define HAVE_MEMORY_H 1
| #define HAVE_STRINGS_H 1
| #define HAVE_INTTYPES_H 1
| #define HAVE_STDINT_H 1
| #define HAVE_UNISTD_H 1
| #define HAVE_DLFCN_H 1
| #define LT_OBJDIR ".libs/"
| #define HAVE_STDINT_H 1
| #define HAVE_STDDEF_H 1
| #define HAVE_SYS_MMAN_H 1
| #define HAVE_SYS_RESOURCE_H 1
| /* end confdefs.h.  */
| #include <windows.h>
configure:15834: result: no
configure:15834: checking for windows.h
configure:15834: result: no
configure:15834: checking byteswap.h usability
configure:15834: c++ -c -g -O2  conftest.cpp >&5
configure:15834: $? = 0
configure:15834: result: yes
configure:15834: checking byteswap.h presence
configure:15834: c++ -E  conftest.cpp
configure:15834: $? = 0
configure:15834: result: yes
configure:15834: checking for byteswap.h
configure:15834: result: yes
configure:15834: checking sys/byteswap.h usability
configure:15834: c++ -c -g -O2  conftest.cpp >&5
conftest.cpp:61:26: fatal error: sys/byteswap.h: No such file or directory
 #include <sys/byteswap.h>
                          ^
compilation terminated.
configure:15834: $? = 1
configure: failed program was:
| /* confdefs.h */
| #define PACKAGE_NAME "snappy"
| #define PACKAGE_TARNAME "snappy"
| #define PACKAGE_VERSION "1.1.2"
| #define PACKAGE_STRING "snappy 1.1.2"
| #define PACKAGE_BUGREPORT ""
| #define PACKAGE_URL ""
| #define PACKAGE "snappy"
| #define VERSION "1.1.2"
| #define STDC_HEADERS 1
| #define HAVE_SYS_TYPES_H 1
| #define HAVE_SYS_STAT_H 1
| #define HAVE_STDLIB_H 1
| #define HAVE_STRING_H 1
| #define HAVE_MEMORY_H 1
| #define HAVE_STRINGS_H 1
| #define HAVE_INTTYPES_H 1
| #define HAVE_STDINT_H 1
| #define HAVE_UNISTD_H 1
| #define HAVE_DLFCN_H 1
| #define LT_OBJDIR ".libs/"
| #define HAVE_STDINT_H 1
| #define HAVE_STDDEF_H 1
| #define HAVE_SYS_MMAN_H 1
| #define HAVE_SYS_RESOURCE_H 1
| #define HAVE_BYTESWAP_H 1
| /* end confdefs.h.  */
| #include <stdio.h>
| #ifdef HAVE_SYS_TYPES_H
| # include <sys/types.h>
| #endif
| #ifdef HAVE_SYS_STAT_H
| # include <sys/stat.h>
| #endif
| #ifdef STDC_HEADERS
| # include <stdlib.h>
| # include <stddef.h>
| #else
| # ifdef HAVE_STDLIB_H
| #  include <stdlib.h>
| # endif
| #endif
| #ifdef HAVE_STRING_H
| # if !defined STDC_HEADERS && defined HAVE_MEMORY_H
| #  include <memory.h>
| # endif
| # include <string.h>
| #endif
| #ifdef HAVE_STRINGS_H
| # include <strings.h>
| #endif
| #ifdef HAVE_INTTYPES_H
| # include <inttypes.h>
| #endif
| #ifdef HAVE_STDINT_H
| # include <stdint.h>
| #endif
| #ifdef HAVE_UNISTD_H
| # include <unistd.h>
| #endif
| #include <sys/byteswap.h>
configure:15834: result: no
configure:15834: checking sys/byteswap.h presence
configure:15834: c++ -E  conftest.cpp
conftest.cpp:28:26: fatal error: sys/byteswap.h: No such file or directory
 #include <sys/byteswap.h>
                          ^
compilation terminated.
configure:15834: $? = 1
configure: failed program was:
| /* confdefs.h */
| #define PACKAGE_NAME "snappy"
| #define PACKAGE_TARNAME "snappy"
| #define PACKAGE_VERSION "1.1.2"
| #define PACKAGE_STRING "snappy 1.1.2"
| #define PACKAGE_BUGREPORT ""
| #define PACKAGE_URL ""
| #define PACKAGE "snappy"
| #define VERSION "1.1.2"
| #define STDC_HEADERS 1
| #define HAVE_SYS_TYPES_H 1
| #define HAVE_SYS_STAT_H 1
| #define HAVE_STDLIB_H 1
| #define HAVE_STRING_H 1
| #define HAVE_MEMORY_H 1
| #define HAVE_STRINGS_H 1
| #define HAVE_INTTYPES_H 1
| #define HAVE_STDINT_H 1
| #define HAVE_UNISTD_H 1
| #define HAVE_DLFCN_H 1
| #define LT_OBJDIR ".libs/"
| #define HAVE_STDINT_H 1
| #define HAVE_STDDEF_H 1
| #define HAVE_SYS_MMAN_H 1
| #define HAVE_SYS_RESOURCE_H 1
| #define HAVE_BYTESWAP_H 1
| /* end confdefs.h.  */
| #include <sys/byteswap.h>
configure:15834: result: no
configure:15834: checking for sys/byteswap.h
configure:15834: result: no
configure:15834: checking sys/endian.h usability
configure:15834: c++ -c -g -O2  conftest.cpp >&5
conftest.cpp:61:24: fatal error: sys/endian.h: No such file or directory
 #include <sys/endian.h>
                        ^
compilation terminated.
configure:15834: $? = 1
configure: failed program was:
| /* confdefs.h */
| #define PACKAGE_NAME "snappy"
| #define PACKAGE_TARNAME "snappy"
| #define PACKAGE_VERSION "1.1.2"
| #define PACKAGE_STRING "snappy 1.1.2"
| #define PACKAGE_BUGREPORT ""
| #define PACKAGE_URL ""
| #define PACKAGE "snappy"
| #define VERSION "1.1.2"
| #define STDC_HEADERS 1
| #define HAVE_SYS_TYPES_H 1
| #define HAVE_SYS_STAT_H 1
| #define HAVE_STDLIB_H 1
| #define HAVE_STRING_H 1
| #define HAVE_MEMORY_H 1
| #define HAVE_STRINGS_H 1
| #define HAVE_INTTYPES_H 1
| #define HAVE_STDINT_H 1
| #define HAVE_UNISTD_H 1
| #define HAVE_DLFCN_H 1
| #define LT_OBJDIR ".libs/"
| #define HAVE_STDINT_H 1
| #define HAVE_STDDEF_H 1
| #define HAVE_SYS_MMAN_H 1
| #define HAVE_SYS_RESOURCE_H 1
| #define HAVE_BYTESWAP_H 1
| /* end confdefs.h.  */
| #include <stdio.h>
| #ifdef HAVE_SYS_TYPES_H
| # include <sys/types.h>
| #endif
| #ifdef HAVE_SYS_STAT_H
| # include <sys/stat.h>
| #endif
| #ifdef STDC_HEADERS
| # include <stdlib.h>
| # include <stddef.h>
| #else
| # ifdef HAVE_STDLIB_H
| #  include <stdlib.h>
| # endif
| #endif
| #ifdef HAVE_STRING_H
| # if !defined STDC_HEADERS && defined HAVE_MEMORY_H
| #  include <memory.h>
| # endif
| # include <string.h>
| #endif
| #ifdef HAVE_STRINGS_H
| # include <strings.h>
| #endif
| #ifdef HAVE_INTTYPES_H
| # include <inttypes.h>
| #endif
| #ifdef HAVE_STDINT_H
| # include <stdint.h>
| #endif
| #ifdef HAVE_UNISTD_H
| # include <unistd.h>
| #endif
| #include <sys/endian.h>
configure:15834: result: no
configure:15834: checking sys/endian.h presence
configure:15834: c++ -E  conftest.cpp
conftest.cpp:28:24: fatal error: sys/endian.h: No such file or directory
 #include <sys/endian.h>
                        ^
compilation terminated.
configure:15834: $? = 1
configure: failed program was:
| /* confdefs.h */
| #define PACKAGE_NAME "snappy"
| #define PACKAGE_TARNAME "snappy"
| #define PACKAGE_VERSION "1.1.2"
| #define PACKAGE_STRING "snappy 1.1.2"
| #define PACKAGE_BUGREPORT ""
| #define PACKAGE_URL ""
| #define PACKAGE "snappy"
| #define VERSION "1.1.2"
| #define STDC_HEADERS 1
| #define HAVE_SYS_TYPES_H 1
| #define HAVE_SYS_STAT_H 1
| #define HAVE_STDLIB_H 1
| #define HAVE_STRING_H 1
| #define HAVE_MEMORY_H 1
| #define HAVE_STRINGS_H 1
| #define HAVE_INTTYPES_H 1
| #define HAVE_STDINT_H 1
| #define HAVE_UNISTD_H 1
| #define HAVE_DLFCN_H 1
| #define LT_OBJDIR ".libs/"
| #define HAVE_STDINT_H 1
| #define HAVE_STDDEF_H 1
| #define HAVE_SYS_MMAN_H 1
| #define HAVE_SYS_RESOURCE_H 1
| #define HAVE_BYTESWAP_H 1
| /* end confdefs.h.  */
| #include <sys/endian.h>
configure:15834: result: no
configure:15834: checking for sys/endian.h
configure:15834: result: no
configure:15834: checking sys/time.h usability
configure:15834: c++ -c -g -O2  conftest.cpp >&5
configure:15834: $? = 0
configure:15834: result: yes
configure:15834: checking sys/time.h presence
configure:15834: c++ -E  conftest.cpp
configure:15834: $? = 0
configure:15834: result: yes
configure:15834: checking for sys/time.h
configure:15834: result: yes
configure:15847: checking for mmap
configure:15847: c++ -o conftest -g -O2   conftest.cpp  >&5
configure:15847: $? = 0
configure:15847: result: yes
configure:15869: checking for 'gtest-config'
configure:15890: checking for gtest-config
configure:15923: result: no
configure:15944: result: no
configure:15982: checking if the compiler supports __builtin_expect
configure:15998: c++ -c -g -O2  conftest.cpp >&5
configure:15998: $? = 0
configure:16001: result: yes
configure:16020: checking if the compiler supports __builtin_ctzll
configure:16036: c++ -c -g -O2  conftest.cpp >&5
configure:16036: $? = 0
configure:16039: result: yes
configure:16062: checking for zlibVersion in -lz
configure:16087: c++ -o conftest -g -O2   conftest.cpp -lz   >&5
configure:16087: $? = 0
configure:16096: result: yes
configure:16114: checking for lzo1x_1_15_compress in -llzo2
configure:16139: c++ -o conftest -g -O2   conftest.cpp -llzo2   >&5
/usr/bin/ld: cannot find -llzo2
collect2: error: ld returned 1 exit status
configure:16139: $? = 1
configure: failed program was:
| /* confdefs.h */
| #define PACKAGE_NAME "snappy"
| #define PACKAGE_TARNAME "snappy"
| #define PACKAGE_VERSION "1.1.2"
| #define PACKAGE_STRING "snappy 1.1.2"
| #define PACKAGE_BUGREPORT ""
| #define PACKAGE_URL ""
| #define PACKAGE "snappy"
| #define VERSION "1.1.2"
| #define STDC_HEADERS 1
| #define HAVE_SYS_TYPES_H 1
| #define HAVE_SYS_STAT_H 1
| #define HAVE_STDLIB_H 1
| #define HAVE_STRING_H 1
| #define HAVE_MEMORY_H 1
| #define HAVE_STRINGS_H 1
| #define HAVE_INTTYPES_H 1
| #define HAVE_STDINT_H 1
| #define HAVE_UNISTD_H 1
| #define HAVE_DLFCN_H 1
| #define LT_OBJDIR ".libs/"
| #define HAVE_STDINT_H 1
| #define HAVE_STDDEF_H 1
| #define HAVE_SYS_MMAN_H 1
| #define HAVE_SYS_RESOURCE_H 1
| #define HAVE_BYTESWAP_H 1
| #define HAVE_SYS_TIME_H 1
| #define HAVE_BUILTIN_EXPECT 1
| #define HAVE_BUILTIN_CTZ 1
| #define HAVE_LIBZ 1
| /* end confdefs.h.  */
| 
| /* Override any GCC internal prototype to avoid an error.
|    Use char because int might match the return type of a GCC
|    builtin and then its argument prototype would still apply.  */
| #ifdef __cplusplus
| extern "C"
| #endif
| char lzo1x_1_15_compress ();
| int
| main ()
| {
| return lzo1x_1_15_compress ();
|   ;
|   return 0;
| }
configure:16148: result: no
configure:16166: checking for lzf_compress in -llzf
configure:16191: c++ -o conftest -g -O2   conftest.cpp -llzf   >&5
/usr/bin/ld: cannot find -llzf
collect2: error: ld returned 1 exit status
configure:16191: $? = 1
configure: failed program was:
| /* confdefs.h */
| #define PACKAGE_NAME "snappy"
| #define PACKAGE_TARNAME "snappy"
| #define PACKAGE_VERSION "1.1.2"
| #define PACKAGE_STRING "snappy 1.1.2"
| #define PACKAGE_BUGREPORT ""
| #define PACKAGE_URL ""
| #define PACKAGE "snappy"
| #define VERSION "1.1.2"
| #define STDC_HEADERS 1
| #define HAVE_SYS_TYPES_H 1
| #define HAVE_SYS_STAT_H 1
| #define HAVE_STDLIB_H 1
| #define HAVE_STRING_H 1
| #define HAVE_MEMORY_H 1
| #define HAVE_STRINGS_H 1
| #define HAVE_INTTYPES_H 1
| #define HAVE_STDINT_H 1
| #define HAVE_UNISTD_H 1
| #define HAVE_DLFCN_H 1
| #define LT_OBJDIR ".libs/"
| #define HAVE_STDINT_H 1
| #define HAVE_STDDEF_H 1
| #define HAVE_SYS_MMAN_H 1
| #define HAVE_SYS_RESOURCE_H 1
| #define HAVE_BYTESWAP_H 1
| #define HAVE_SYS_TIME_H 1
| #define HAVE_BUILTIN_EXPECT 1
| #define HAVE_BUILTIN_CTZ 1
| #define HAVE_LIBZ 1
| /* end confdefs.h.  */
| 
| /* Override any GCC internal prototype to avoid an error.
|    Use char because int might match the return type of a GCC
|    builtin and then its argument prototype would still apply.  */
| #ifdef __cplusplus
| extern "C"
| #endif
| char lzf_compress ();
| int
| main ()
| {
| return lzf_compress ();
|   ;
|   return 0;
| }
configure:16200: result: no
configure:16218: checking for fastlz_compress in -lfastlz
configure:16243: c++ -o conftest -g -O2   conftest.cpp -lfastlz   >&5
/usr/bin/ld: cannot find -lfastlz
collect2: error: ld returned 1 exit status
configure:16243: $? = 1
configure: failed program was:
| /* confdefs.h */
| #define PACKAGE_NAME "snappy"
| #define PACKAGE_TARNAME "snappy"
| #define PACKAGE_VERSION "1.1.2"
| #define PACKAGE_STRING "snappy 1.1.2"
| #define PACKAGE_BUGREPORT ""
| #define PACKAGE_URL ""
| #define PACKAGE "snappy"
| #define VERSION "1.1.2"
| #define STDC_HEADERS 1
| #define HAVE_SYS_TYPES_H 1
| #define HAVE_SYS_STAT_H 1
| #define HAVE_STDLIB_H 1
| #define HAVE_STRING_H 1
| #define HAVE_MEMORY_H 1
| #define HAVE_STRINGS_H 1
| #define HAVE_INTTYPES_H 1
| #define HAVE_STDINT_H 1
| #define HAVE_UNISTD_H 1
| #define HAVE_DLFCN_H 1
| #define LT_OBJDIR ".libs/"
| #define HAVE_STDINT_H 1
| #define HAVE_STDDEF_H 1
| #define HAVE_SYS_MMAN_H 1
| #define HAVE_SYS_RESOURCE_H 1
| #define HAVE_BYTESWAP_H 1
| #define HAVE_SYS_TIME_H 1
| #define HAVE_BUILTIN_EXPECT 1
| #define HAVE_BUILTIN_CTZ 1
| #define HAVE_LIBZ 1
| /* end confdefs.h.  */
| 
| /* Override any GCC internal prototype to avoid an error.
|    Use char because int might match the return type of a GCC
|    builtin and then its argument prototype would still apply.  */
| #ifdef __cplusplus
| extern "C"
| #endif
| char fastlz_compress ();
| int
| main ()
| {
| return fastlz_compress ();
|   ;
|   return 0;
| }
configure:16252: result: no
configure:16270: checking for qlz_compress in -lquicklz
configure:16295: c++ -o conftest -g -O2   conftest.cpp -lquicklz   >&5
/usr/bin/ld: cannot find -lquicklz
collect2: error: ld returned 1 exit status
configure:16295: $? = 1
configure: failed program was:
| /* confdefs.h */
| #define PACKAGE_NAME "snappy"
| #define PACKAGE_TARNAME "snappy"
| #define PACKAGE_VERSION "1.1.2"
| #define PACKAGE_STRING "snappy 1.1.2"
| #define PACKAGE_BUGREPORT ""
| #define PACKAGE_URL ""
| #define PACKAGE "snappy"
| #define VERSION "1.1.2"
| #define STDC_HEADERS 1
| #define HAVE_SYS_TYPES_H 1
| #define HAVE_SYS_STAT_H 1
| #define HAVE_STDLIB_H 1
| #define HAVE_STRING_H 1
| #define HAVE_MEMORY_H 1
| #define HAVE_STRINGS_H 1
| #define HAVE_INTTYPES_H 1
| #define HAVE_STDINT_H 1
| #define HAVE_UNISTD_H 1
| #define HAVE_DLFCN_H 1
| #define LT_OBJDIR ".libs/"
| #define HAVE_STDINT_H 1
| #define HAVE_STDDEF_H 1
| #define HAVE_SYS_MMAN_H 1
| #define HAVE_SYS_RESOURCE_H 1
| #define HAVE_BYTESWAP_H 1
| #define HAVE_SYS_TIME_H 1
| #define HAVE_BUILTIN_EXPECT 1
| #define HAVE_BUILTIN_CTZ 1
| #define HAVE_LIBZ 1
| /* end confdefs.h.  */
| 
| /* Override any GCC internal prototype to avoid an error.
|    Use char because int might match the return type of a GCC
|    builtin and then its argument prototype would still apply.  */
| #ifdef __cplusplus
| extern "C"
| #endif
| char qlz_compress ();
| int
| main ()
| {
| return qlz_compress ();
|   ;
|   return 0;
| }
configure:16304: result: no
configure:16469: checking that generated files are newer than configure
configure:16475: result: done
configure:16507: creating ./config.status

## ---------------------- ##
## Running config.status. ##
## ---------------------- ##

This file was extended by snappy config.status 1.1.2, which was
generated by GNU Autoconf 2.69.  Invocation command line was

  CONFIG_FILES    = 
  CONFIG_HEADERS  = 
  CONFIG_LINKS    = 
  CONFIG_COMMANDS = 
  $ ./config.status 

on dev1

config.status:1171: creating Makefile
config.status:1171: creating snappy-stubs-public.h
config.status:1171: creating config.h
config.status:1352: config.h is unchanged
config.status:1400: executing depfiles commands
config.status:1400: executing libtool commands

## ---------------- ##
## Cache variables. ##
## ---------------- ##

ac_cv_build=x86_64-unknown-linux-gnu
ac_cv_c_bigendian=no
ac_cv_c_compiler_gnu=yes
ac_cv_cxx_compiler_gnu=yes
ac_cv_env_CCC_set=
ac_cv_env_CCC_value=
ac_cv_env_CC_set=set
ac_cv_env_CC_value=cc
ac_cv_env_CFLAGS_set=
ac_cv_env_CFLAGS_value=
ac_cv_env_CPPFLAGS_set=
ac_cv_env_CPPFLAGS_value=
ac_cv_env_CPP_set=
ac_cv_env_CPP_value=
ac_cv_env_CXXCPP_set=
ac_cv_env_CXXCPP_value=
ac_cv_env_CXXFLAGS_set=
ac_cv_env_CXXFLAGS_value=
ac_cv_env_CXX_set=set
ac_cv_env_CXX_value=c++
ac_cv_env_GTEST_CONFIG_set=
ac_cv_env_GTEST_CONFIG_value=
ac_cv_env_GTEST_CPPFLAGS_set=
ac_cv_env_GTEST_CPPFLAGS_value=
ac_cv_env_GTEST_CXXFLAGS_set=
ac_cv_env_GTEST_CXXFLAGS_value=
ac_cv_env_GTEST_LDFLAGS_set=
ac_cv_env_GTEST_LDFLAGS_value=
ac_cv_env_GTEST_LIBS_set=
ac_cv_env_GTEST_LIBS_value=
ac_cv_env_GTEST_VERSION_set=
ac_cv_env_GTEST_VERSION_value=
ac_cv_env_LDFLAGS_set=
ac_cv_env_LDFLAGS_value=
ac_cv_env_LIBS_set=
ac_cv_env_LIBS_value=
ac_cv_env_build_alias_set=
ac_cv_env_build_alias_value=
ac_cv_env_host_alias_set=
ac_cv_env_host_alias_value=
ac_cv_env_target_alias_set=
ac_cv_env_target_alias_value=
ac_cv_func_mmap=yes
ac_cv_have_stddef_h=1
ac_cv_have_stdint_h=1
ac_cv_have_sys_uio_h=0
ac_cv_header_byteswap_h=yes
ac_cv_header_dlfcn_h=yes
ac_cv_header_inttypes_h=yes
ac_cv_header_memory_h=yes
ac_cv_header_stdc=yes
ac_cv_header_stddef_h=yes
ac_cv_header_stdint_h=yes
ac_cv_header_stdlib_h=yes
ac_cv_header_string_h=yes
ac_cv_header_strings_h=yes
ac_cv_header_sys_byteswap_h=no
ac_cv_header_sys_endian_h=no
ac_cv_header_sys_mman_h=yes
ac_cv_header_sys_resource_h=yes
ac_cv_header_sys_stat_h=yes
ac_cv_header_sys_time_h=yes
ac_cv_header_sys_types_h=yes
ac_cv_header_unistd_h=yes
ac_cv_header_windows_h=no
ac_cv_host=x86_64-unknown-linux-gnu
ac_cv_lib_fastlz_fastlz_compress=no
ac_cv_lib_lzf_lzf_compress=no
ac_cv_lib_lzo2_lzo1x_1_15_compress=no
ac_cv_lib_quicklz_qlz_compress=no
ac_cv_lib_z_zlibVersion=yes
ac_cv_objext=o
ac_cv_path_EGREP='/usr/bin/grep -E'
ac_cv_path_FGREP='/usr/bin/grep -F'
ac_cv_path_GREP=/usr/bin/grep
ac_cv_path_SED=/usr/bin/sed
ac_cv_path_install='/usr/bin/install -c'
ac_cv_path_mkdir=/usr/bin/mkdir
ac_cv_prog_AWK=gawk
ac_cv_prog_CPP='cc -E'
ac_cv_prog_CXXCPP='c++ -E'
ac_cv_prog_ac_ct_AR=ar
ac_cv_prog_ac_ct_CC=cc
ac_cv_prog_ac_ct_OBJDUMP=objdump
ac_cv_prog_ac_ct_RANLIB=ranlib
ac_cv_prog_ac_ct_STRIP=strip
ac_cv_prog_cc_c89=
ac_cv_prog_cc_g=yes
ac_cv_prog_cxx_g=yes
ac_cv_prog_make_make_set=yes
ac_cv_type_size_t=yes
ac_cv_type_ssize_t=yes
am_cv_CC_dependencies_compiler_type=gcc3
am_cv_CXX_dependencies_compiler_type=gcc3
am_cv_ar_interface=ar
am_cv_make_support_nested_variables=yes
lt_cv_ar_at_file=@
lt_cv_deplibs_check_method=pass_all
lt_cv_file_magic_cmd='$MAGIC_CMD'
lt_cv_file_magic_test_file=
lt_cv_ld_reload_flag=-r
lt_cv_nm_interface='BSD nm'
lt_cv_objdir=.libs
lt_cv_path_LD=/usr/bin/ld
lt_cv_path_LDCXX='/usr/bin/ld -m elf_x86_64'
lt_cv_path_NM='/usr/bin/nm -B'
lt_cv_path_mainfest_tool=no
lt_cv_prog_compiler_c_o=yes
lt_cv_prog_compiler_c_o_CXX=yes
lt_cv_prog_compiler_pic='-fPIC -DPIC'
lt_cv_prog_compiler_pic_CXX='-fPIC -DPIC'
lt_cv_prog_compiler_pic_works=yes
lt_cv_prog_compiler_pic_works_CXX=yes
lt_cv_prog_compiler_rtti_exceptions=no
lt_cv_prog_compiler_static_works=no
lt_cv_prog_compiler_static_works_CXX=no
lt_cv_prog_gnu_ld=yes
lt_cv_prog_gnu_ldcxx=yes
lt_cv_sharedlib_from_linklib_cmd='printf %s\n'
lt_cv_shlibpath_overrides_runpath=no
lt_cv_sys_global_symbol_pipe='sed -n -e '\''s/^.*[	 ]\([ABCDGIRSTW][ABCDGIRSTW]*\)[	 ][	 ]*\([_A-Za-z][_A-Za-z0-9]*\)$/\1 \2 \2/p'\'' | sed '\''/ __gnu_lto/d'\'''
lt_cv_sys_global_symbol_to_c_name_address='sed -n -e '\''s/^: \([^ ]*\)[ ]*$/  {\"\1\", (void *) 0},/p'\'' -e '\''s/^[ABCDGIRSTW]* \([^ ]*\) \([^ ]*\)$/  {"\2", (void *) \&\2},/p'\'''
lt_cv_sys_global_symbol_to_c_name_address_lib_prefix='sed -n -e '\''s/^: \([^ ]*\)[ ]*$/  {\"\1\", (void *) 0},/p'\'' -e '\''s/^[ABCDGIRSTW]* \([^ ]*\) \(lib[^ ]*\)$/  {"\2", (void *) \&\2},/p'\'' -e '\''s/^[ABCDGIRSTW]* \([^ ]*\) \([^ ]*\)$/  {"lib\2", (void *) \&\2},/p'\'''
lt_cv_sys_global_symbol_to_cdecl='sed -n -e '\''s/^T .* \(.*\)$/extern int \1();/p'\'' -e '\''s/^[ABCDGIRSTW]* .* \(.*\)$/extern char \1;/p'\'''
lt_cv_sys_max_cmd_len=1572864
lt_cv_to_host_file_cmd=func_convert_file_noop
lt_cv_to_tool_file_cmd=func_convert_file_noop

## ----------------- ##
## Output variables. ##
## ----------------- ##

ACLOCAL='${SHELL} /root/h2leveldb/c_src/snappy-1ff9be9b8fafc8528ca9e055646f5932aa5db9c4/missing aclocal-1.13'
AMDEPBACKSLASH='\'
AMDEP_FALSE='#'
AMDEP_TRUE=''
AMTAR='$${TAR-tar}'
AM_BACKSLASH='\'
AM_DEFAULT_V='$(AM_DEFAULT_VERBOSITY)'
AM_DEFAULT_VERBOSITY='1'
AM_V='$(V)'
AR='ar'
AUTOCONF='${SHELL} /root/h2leveldb/c_src/snappy-1ff9be9b8fafc8528ca9e055646f5932aa5db9c4/missing autoconf'
AUTOHEADER='${SHELL} /root/h2leveldb/c_src/snappy-1ff9be9b8fafc8528ca9e055646f5932aa5db9c4/missing autoheader'
AUTOMAKE='${SHELL} /root/h2leveldb/c_src/snappy-1ff9be9b8fafc8528ca9e055646f5932aa5db9c4/missing automake-1.13'
AWK='gawk'
CC='cc'
CCDEPMODE='depmode=gcc3'
CFLAGS='-g -O2'
CPP='cc -E'
CPPFLAGS=''
CXX='c++'
CXXCPP='c++ -E'
CXXDEPMODE='depmode=gcc3'
CXXFLAGS='-g -O2'
CYGPATH_W='echo'
DEFS='-DHAVE_CONFIG_H'
DEPDIR='.deps'
DLLTOOL='false'
DSYMUTIL=''
DUMPBIN=''
ECHO_C=''
ECHO_N='-n'
ECHO_T=''
EGREP='/usr/bin/grep -E'
EXEEXT=''
FGREP='/usr/bin/grep -F'
GREP='/usr/bin/grep'
GTEST_CONFIG=''
GTEST_CPPFLAGS=''
GTEST_CXXFLAGS=''
GTEST_LDFLAGS=''
GTEST_LIBS=''
GTEST_VERSION=''
HAVE_GTEST='no'
HAVE_GTEST_FALSE=''
HAVE_GTEST_TRUE='#'
INSTALL_DATA='${INSTALL} -m 644'
INSTALL_PROGRAM='${INSTALL}'
INSTALL_SCRIPT='${INSTALL}'
INSTALL_STRIP_PROGRAM='$(install_sh) -c -s'
LD='/usr/bin/ld -m elf_x86_64'
LDFLAGS=''
LIBOBJS=''
LIBS=''
LIBTOOL='$(SHELL) $(top_builddir)/libtool'
LIBTOOL_DEPS='./ltmain.sh'
LIPO=''
LN_S='ln -s'
LTLIBOBJS=''
MAKEINFO='${SHELL} /root/h2leveldb/c_src/snappy-1ff9be9b8fafc8528ca9e055646f5932aa5db9c4/missing makeinfo'
MANIFEST_TOOL=':'
MKDIR_P='/usr/bin/mkdir -p'
NM='/usr/bin/nm -B'
NMEDIT=''
OBJDUMP='objdump'
OBJEXT='o'
OTOOL64=''
OTOOL=''
PACKAGE='snappy'
PACKAGE_BUGREPORT=''
PACKAGE_NAME='snappy'
PACKAGE_STRING='snappy 1.1.2'
PACKAGE_TARNAME='snappy'
PACKAGE_URL=''
PACKAGE_VERSION='1.1.2'
PATH_SEPARATOR=':'
RANLIB='ranlib'
SED='/usr/bin/sed'
SET_MAKE=''
SHELL='/bin/sh'
SNAPPY_LTVERSION='3:1:2'
SNAPPY_MAJOR='1'
SNAPPY_MINOR='1'
SNAPPY_PATCHLEVEL='2'
STRIP='strip'
UNITTEST_LIBS='-lz '
VERSION='1.1.2'
ac_ct_AR='ar'
ac_ct_CC='cc'
ac_ct_CXX=''
ac_ct_DUMPBIN=''
ac_cv_have_stddef_h='1'
ac_cv_have_stdint_h='1'
ac_cv_have_sys_uio_h='0'
am__EXEEXT_FALSE=''
am__EXEEXT_TRUE='#'
am__fastdepCC_FALSE='#'
am__fastdepCC_TRUE=''
am__fastdepCXX_FALSE='#'
am__fastdepCXX_TRUE=''
am__include='include'
am__isrc=''
am__leading_dot='.'
am__nodep='_no'
am__quote=''
am__tar='$${TAR-tar} chof - "$$tardir"'
am__untar='$${TAR-tar} xf -'
bindir='${exec_prefix}/bin'
build='x86_64-unknown-linux-gnu'
build_alias=''
build_cpu='x86_64'
build_os='linux-gnu'
build_vendor='unknown'
datadir='${datarootdir}'
datarootdir='${prefix}/share'
docdir='${datarootdir}/doc/${PACKAGE_TARNAME}'
dvidir='${docdir}'
exec_prefix='${prefix}'
host='x86_64-unknown-linux-gnu'
host_alias=''
host_cpu='x86_64'
host_os='linux-gnu'
host_vendor='unknown'
htmldir='${docdir}'
includedir='${prefix}/include'
infodir='${datarootdir}/info'
install_sh='${SHELL} /root/h2leveldb/c_src/snappy-1ff9be9b8fafc8528ca9e055646f5932aa5db9c4/install-sh'
libdir='${exec_prefix}/lib'
libexecdir='${exec_prefix}/libexec'
localedir='${datarootdir}/locale'
localstatedir='${prefix}/var'
mandir='${datarootdir}/man'
mkdir_p='$(MKDIR_P)'
oldincludedir='/usr/include'
pdfdir='${docdir}'
prefix='/root/h2leveldb/c_src/snappy'
program_transform_name='s,x,x,'
psdir='${docdir}'
sbindir='${exec_prefix}/sbin'
sharedstatedir='${prefix}/com'
sysconfdir='${prefix}/etc'
target_alias=''

## ----------- ##
## confdefs.h. ##
## ----------- ##

/* confdefs.h */
#define PACKAGE_NAME "snappy"
#define PACKAGE_TARNAME "snappy"
#define PACKAGE_VERSION "1.1.2"
#define PACKAGE_STRING "snappy 1.1.2"
#define PACKAGE_BUGREPORT ""
#define PACKAGE_URL ""
#define PACKAGE "snappy"
#define VERSION "1.1.2"
#define STDC_HEADERS 1
#define HAVE_SYS_TYPES_H 1
#define HAVE_SYS_STAT_H 1
#define HAVE_STDLIB_H 1
#define HAVE_STRING_H 1
#define HAVE_MEMORY_H 1
#define HAVE_STRINGS_H 1
#define HAVE_INTTYPES_H 1
#define HAVE_STDINT_H 1
#define HAVE_UNISTD_H 1
#define HAVE_DLFCN_H 1
#define LT_OBJDIR ".libs/"
#define HAVE_STDINT_H 1
#define HAVE_STDDEF_H 1
#define HAVE_SYS_MMAN_H 1
#define HAVE_SYS_RESOURCE_H 1
#define HAVE_BYTESWAP_H 1
#define HAVE_SYS_TIME_H 1
#define HAVE_BUILTIN_EXPECT 1
#define HAVE_BUILTIN_CTZ 1
#define HAVE_LIBZ 1

configure: exit 0

## ---------------------- ##
## Running config.status. ##
## ---------------------- ##

This file was extended by snappy config.status 1.1.2, which was
generated by GNU Autoconf 2.69.  Invocation command line was

  CONFIG_FILES    = 
  CONFIG_HEADERS  = 
  CONFIG_LINKS    = 
  CONFIG_COMMANDS = 
  $ ./config.status config.h

on dev1

config.status:1171: creating config.h
config.status:1352: config.h is unchanged
